<?xml version="1.0" encoding="UTF-8"?>
<!-- Generated by org.testng.reporters.JUnitXMLReporter -->
<testsuite ignored="1" hostname="DESKTOP-IBURM4H" failures="0" tests="3" name="Test" time="31.698" errors="0" timestamp="2025-10-11T17:52:26 IST">
  <testcase classname="Intro.TestNGpro2" name="logout" time="16.571"/>
  <testcase classname="Intro.TestNGpro" name="Login" time="8.445"/>
  <testcase classname="Intro.TestNGpro" name="logout" time="6.577"/>
  <testcase classname="Intro.TestNGpro2" name="Login" time="0.0">
    <ignored/>
  </testcase> <!-- Login -->
</testsuite> <!-- Test -->
