<?xml version="1.0" encoding="UTF-8"?>
<testng-results ignored="1" total="4" passed="3" failed="0" skipped="0">
  <reporter-output>
  </reporter-output>
  <suite started-at="2025-10-11T17:51:53 IST" name="Suite" finished-at="2025-10-11T17:52:25 IST" duration-ms="31698">
    <groups>
      <group name="Smoke">
        <method signature="TestNGpro.Login()[pri:0, instance:Intro.TestNGpro@32eff876]" name="Login" class="Intro.TestNGpro"/>
        <method signature="TestNGpro.logout()[pri:0, instance:Intro.TestNGpro@32eff876]" name="logout" class="Intro.TestNGpro"/>
        <method signature="TestNGpro2.logout()[pri:0, instance:Intro.TestNGpro2@42e99e4a]" name="logout" class="Intro.TestNGpro2"/>
      </group> <!-- Smoke -->
    </groups>
    <test started-at="2025-10-11T17:51:53 IST" name="Test" finished-at="2025-10-11T17:52:25 IST" duration-ms="31698">
      <class name="Intro.TestNGpro2">
        <test-method signature="logout()[pri:0, instance:Intro.TestNGpro2@42e99e4a]" started-at="2025-10-11T17:51:53 IST" name="logout" finished-at="2025-10-11T17:52:10 IST" duration-ms="16571" status="PASS">
          <reporter-output>
          </reporter-output>
        </test-method> <!-- logout -->
      </class> <!-- Intro.TestNGpro2 -->
      <class name="Intro.TestNGpro">
        <test-method signature="Login()[pri:0, instance:Intro.TestNGpro@32eff876]" started-at="2025-10-11T17:52:10 IST" name="Login" finished-at="2025-10-11T17:52:18 IST" duration-ms="8445" status="PASS">
          <reporter-output>
          </reporter-output>
        </test-method> <!-- Login -->
        <test-method signature="logout()[pri:0, instance:Intro.TestNGpro@32eff876]" started-at="2025-10-11T17:52:18 IST" name="logout" finished-at="2025-10-11T17:52:25 IST" duration-ms="6577" status="PASS">
          <reporter-output>
          </reporter-output>
        </test-method> <!-- logout -->
      </class> <!-- Intro.TestNGpro -->
    </test> <!-- Test -->
  </suite> <!-- Suite -->
</testng-results>
